it|in|Dissasembly                                       :012345678901234567890123456789012345678901234567890123456789012345678901234567890123456789012345678901234567890123456789012345678901234567890123456789
 0| 0|vmovapd ymm4, ymmword ptr [rdi]                   :          |         |         |         |         |         |         |         |         |         |         |         |         |         |         
 0| 0|    TYPE_LOAD (1 uops)                            :s---deeeeeew----R-------p     |         |         |         |         |         |         |         |         |         |         |         |         
 0| 1|vmovsd xmm6, qword ptr [rip+0x4334]               :          |         |         |         |         |         |         |         |         |         |         |         |         |         |         
 0| 1|    TYPE_LOAD (1 uops)                            :s---deeeew------R-------p     |         |         |         |         |         |         |         |         |         |         |         |         
 0| 2|vsubpd ymm1, ymm4, ymmword ptr [rsi]              :          |         |         |         |         |         |         |         |         |         |         |         |         |         |         
 0| 2|    TYPE_LOAD (1 uops)                            :s---cdeeeeeew----R-------p    |         |         |         |         |         |         |         |         |         |         |         |         
 0| 2|    TYPE_OP (1 uops)                              :A-----------deeew----R-------p|         |         |         |         |         |         |         |         |         |         |         |         
 0| 3|xor eax, eax                                      :          |         |         |         |         |         |         |         |         |         |         |         |         |         |         
 0| 3|    TYPE_OP (1 uops)                              :w--------------------R-------p|         |         |         |         |         |         |         |         |         |         |         |         
 0| 4|vmulpd ymm0, ymm1, ymm1                           :          |         |         |         |         |         |         |         |         |         |         |         |         |         |         
 0| 4|    TYPE_OP (1 uops)                              : A--------------deeew----R-------p      |         |         |         |         |         |         |         |         |         |         |         
 0| 5|vhaddpd ymm0, ymm0, ymm0                          :          |         |         |         |         |         |         |         |         |         |         |         |         |         |         
 0| 5|    TYPE_OP (3 uops)                              : A------------------deeeeew----R-------p|         |         |         |         |         |         |         |         |         |         |         
 0| 6|vextractf128 xmm2, ymm0, 0x1                      :          |         |         |         |         |         |         |         |         |         |         |         |         |         |         
 0| 6|    TYPE_OP (1 uops)                              :  A-----------------------deew----R-------p       |         |         |         |         |         |         |         |         |         |         
 0| 7|vaddsd xmm0, xmm0, xmm2                           :          |         |         |         |         |         |         |         |         |         |         |         |         |         |         
 0| 7|    TYPE_OP (1 uops)                              :  A--------------------------deeew----R-------p   |         |         |         |         |         |         |         |         |         |         
 0| 8|vcomisd xmm0, xmm6                                :          |         |         |         |         |         |         |         |         |         |         |         |         |         |         
 0| 8|    TYPE_OP (1 uops)                              :  A------------------------------dew----R-------p |         |         |         |         |         |         |         |         |         |         
 0| 9|jb 0x10                                           :          |         |         |         |         |         |         |         |         |         |         |         |         |         |         
 0| 9|    TYPE_OP (1 uops)                              :  sdw-----------------------------------R-------p |         |         |         |         |         |         |         |         |         |         
 0|10|vzeroupper                                        :          |         |         |         |         |         |         |         |         |         |         |         |         |         |         
 0|10|    TYPE_OP (4 uops)                              :   scdeew-------------------------------R-------p |         |         |         |         |         |         |         |         |         |         
 0|11|ret                                               :          |         |         |         |         |         |         |         |         |         |         |         |         |         |         
 0|11|    TYPE_LOAD (1 uops)                            :    s---deeeew---------------------------R-------p|         |         |         |         |         |         |         |         |         |         
 0|12|nop word ptr [rax+rax*1], ax                      :          |         |         |         |         |         |         |         |         |         |         |         |         |         |         
 0|13|vmovapd ymm4, ymmword ptr [rdi+0x20]              :          |         |         |         |         |         |         |         |         |         |         |         |         |         |         
 0|13|    TYPE_LOAD (1 uops)                            :    s---deeeeeew-------------------------R-------p|         |         |         |         |         |         |         |         |         |         
 0|14|vsubsd xmm0, xmm0, xmm6                           :          |         |         |         |         |         |         |         |         |         |         |         |         |         |         
 0|14|    TYPE_OP (1 uops)                              :    A----------------------------deeew----R-------p         |         |         |         |         |         |         |         |         |         
 0|15|vsubpd ymm3, ymm4, ymmword ptr [rsi+0x20]         :          |         |         |         |         |         |         |         |         |         |         |         |         |         |         
 0|15|    TYPE_LOAD (1 uops)                            :    s---cdeeeeeew-------------------------R-------p         |         |         |         |         |         |         |         |         |         
 0|15|    TYPE_OP (1 uops)                              :    A-----------cdeeew--------------------R-------p         |         |         |         |         |         |         |         |         |         
 0|16|vxorpd xmm6, xmm6, xmm6                           :          |         |         |         |         |         |         |         |         |         |         |         |         |         |         
 0|16|    TYPE_OP (1 uops)                              :    w-------------------------------------R-------p         |         |         |         |         |         |         |         |         |         
 0|17|vmulpd ymm2, ymm3, ymm3                           :          |         |         |         |         |         |         |         |         |         |         |         |         |         |         
 0|17|    TYPE_OP (1 uops)                              :     A---------------deeew----------------R-------p         |         |         |         |         |         |         |         |         |         
 0|18|vmulpd ymm1, ymm1, ymm3                           :          |         |         |         |         |         |         |         |         |         |         |         |         |         |         
 0|18|    TYPE_OP (1 uops)                              :     A---------------deeew-----------------R-------p        |         |         |         |         |         |         |         |         |         
 0|19|vhaddpd ymm2, ymm2, ymm2                          :          |         |         |         |         |         |         |         |         |         |         |         |         |         |         
 0|19|    TYPE_OP (3 uops)                              :     A-------------------deeeeew-----------R-------p        |         |         |         |         |         |         |         |         |         
 0|20|vmovapd xmm7, xmm1                                :          |         |         |         |         |         |         |         |         |         |         |         |         |         |         
 0|20|    TYPE_OP (0 uops)                              :      A------------------w-----------------R-------p        |         |         |         |         |         |         |         |         |         
 0|21|vextractf128 xmm1, ymm1, 0x1                      :          |         |         |         |         |         |         |         |         |         |         |         |         |         |         
 0|21|    TYPE_OP (1 uops)                              :      A------------------deew--------------R-------p        |         |         |         |         |         |         |         |         |         
 0|22|vextractf128 xmm5, ymm2, 0x1                      :          |         |         |         |         |         |         |         |         |         |         |         |         |         |         
 0|22|    TYPE_OP (1 uops)                              :      A------------------------deew--------R-------p        |         |         |         |         |         |         |         |         |         
 0|23|vaddsd xmm2, xmm2, xmm5                           :          |         |         |         |         |         |         |         |         |         |         |         |         |         |         
 0|23|    TYPE_OP (1 uops)                              :       A--------------------------deeew-----R-------p       |         |         |         |         |         |         |         |         |         
 0|24|vaddpd xmm1, xmm1, xmm7                           :          |         |         |         |         |         |         |         |         |         |         |         |         |         |         
 0|24|    TYPE_OP (1 uops)                              :       A--------------------deeew-----------R-------p       |         |         |         |         |         |         |         |         |         
 0|25|vmovsd xmm5, xmm2, xmm2                           :          |         |         |         |         |         |         |         |         |         |         |         |         |         |         
 0|25|    TYPE_OP (1 uops)                              :       A------------------------------dw----R-------p       |         |         |         |         |         |         |         |         |         
 0|26|vunpckhpd xmm7, xmm1, xmm1                        :          |         |         |         |         |         |         |         |         |         |         |         |         |         |         
 0|26|    TYPE_OP (1 uops)                              :       A------------------------dw----------R-------p       |         |         |         |         |         |         |         |         |         
 0|27|vunpcklpd xmm2, xmm2, xmm6                        :          |         |         |         |         |         |         |         |         |         |         |         |         |         |         
 0|27|    TYPE_OP (1 uops)                              :        A-----------------------------cdw----R-------p      |         |         |         |         |         |         |         |         |         
 0|28|vaddsd xmm1, xmm1, xmm7                           :          |         |         |         |         |         |         |         |         |         |         |         |         |         |         
 0|28|    TYPE_OP (1 uops)                              :        A------------------------ccdeeew-----R-------p      |         |         |         |         |         |         |         |         |         
 0|29|vandpd xmm2, xmm2, xmmword ptr [rip+0x42e2]       :          |         |         |         |         |         |         |         |         |         |         |         |         |         |         
 0|29|    TYPE_LOAD (1 uops)                            :        s---deeeeew--------------------------R-------p      |         |         |         |         |         |         |         |         |         
 0|29|    TYPE_OP (1 uops)                              :        A-------------------------------dw----R-------p     |         |         |         |         |         |         |         |         |         
 0|30|vmovsd xmm7, qword ptr [rip+0x42ba]               :          |         |         |         |         |         |         |         |         |         |         |         |         |         |         
 0|30|    TYPE_LOAD (1 uops)                            :        s---deeeew----------------------------R-------p     |         |         |         |         |         |         |         |         |         
 0|31|vcomisd xmm7, xmm2                                :          |         |         |         |         |         |         |         |         |         |         |         |         |         |         
 0|31|    TYPE_OP (1 uops)                              :         A-------------------------------dew----R-------p   |         |         |         |         |         |         |         |         |         
 0|32|jnbe 0xffffffffffffff98                           :          |         |         |         |         |         |         |         |         |         |         |         |         |         |         
 0|32|    TYPE_OP (1 uops)                              :         sdw------------------------------------R-------p   |         |         |         |         |         |         |         |         |         
 0|33|vmulsd xmm0, xmm0, xmm5                           :          |         |         |         |         |         |         |         |         |         |         |         |         |         |         
 0|33|    TYPE_OP (1 uops)                              :         A-----------------------------deeew----R-------p   |         |         |         |         |         |         |         |         |         
 0|34|push rbp                                          :          |         |         |         |         |         |         |         |         |         |         |         |         |         |         
 0|34|    TYPE_STOREDATA (1 uops)                       :         sdw------------------------------------R-------p   |         |         |         |         |         |         |         |         |         
 0|34|    TYPE_STOREADDRESS (1 uops)                    :          s---deeeew-----------------------------R-------p  |         |         |         |         |         |         |         |         |         
 0|35|vmovsd xmm2, xmm1, xmm1                           :          |         |         |         |         |         |         |         |         |         |         |         |         |         |         
 0|35|    TYPE_OP (1 uops)                              :          A----------------------------cdw-------R-------p  |         |         |         |         |         |         |         |         |         
 0|36|vfmsub231sd xmm0, xmm1, xmm1                      :          |         |         |         |         |         |         |         |         |         |         |         |         |         |         
 0|36|    TYPE_OP (1 uops)                              :          A--------------------------------deeew----R-------p         |         |         |         |         |         |         |         |         
 0|37|mov rbp, rsp                                      :          |         |         |         |         |         |         |         |         |         |         |         |         |         |         
 0|37|    TYPE_OP (0 uops)                              :          w-----------------------------------------R-------p         |         |         |         |         |         |         |         |         
 0|38|and rsp, 0xffffffffffffffe0                       :          |         |         |         |         |         |         |         |         |         |         |         |         |         |         
 0|38|    TYPE_OP (1 uops)                              :          sdw---------------------------------------R-------p         |         |         |         |         |         |         |         |         
 0|39|vxorpd xmm7, xmm1, xmmword ptr [rip+0x42c7]       :          |         |         |         |         |         |         |         |         |         |         |         |         |         |         
 0|39|    TYPE_LOAD (1 uops)                            :          |s---deeeeew------------------------------R-------p         |         |         |         |         |         |         |         |         
 0|39|    TYPE_OP (1 uops)                              :          |A----------------------------cdw---------R-------p         |         |         |         |         |         |         |         |         
 0|40|vmovq xmm0, xmm0                                  :          |         |         |         |         |         |         |         |         |         |         |         |         |         |         
 0|40|    TYPE_OP (1 uops)                              :          |A------------------------------------dw----R-------p       |         |         |         |         |         |         |         |         
 0|41|vcmpsd xmm1, xmm6, xmm1, 0x1                      :          |         |         |         |         |         |         |         |         |         |         |         |         |         |         
 0|41|    TYPE_OP (1 uops)                              :          |A---------------------------cccdeeew-------R-------p       |         |         |         |         |         |         |         |         
 0|42|vsqrtsd xmm0, xmm0, xmm0                          :          |         |         |         |         |         |         |         |         |         |         |         |         |         |         
 0|42|    TYPE_OP (1 uops)                              :          |A--------------------------------------deeeeeeeeeeeeeeeeew----R-------p        |         |         |         |         |         |         
 0|43|vblendvpd xmm1, xmm2, xmm7, xmm1                  :          |         |         |         |         |         |         |         |         |         |         |         |         |         |         
 0|43|    TYPE_OP (2 uops)                              :          | A---------------------------------dew------------------------R-------p        |         |         |         |         |         |         
 0|44|vaddsd xmm0, xmm1, xmm0                           :          |         |         |         |         |         |         |         |         |         |         |         |         |         |         
 0|44|    TYPE_OP (1 uops)                              :          | A-------------------------------------------------------deeew----R-------p    |         |         |         |         |         |         
 0|45|vdivsd xmm5, xmm0, xmm5                           :          |         |         |         |         |         |         |         |         |         |         |         |         |         |         
 0|45|    TYPE_OP (1 uops)                              :          | A-----------------------------------------------------------deeeeeeeeeeeeew----R-------p|         |         |         |         |         
 0|46|vbroadcastsd ymm2, xmm5                           :          |         |         |         |         |         |         |         |         |         |         |         |         |         |         
 0|46|    TYPE_OP (1 uops)                              :          |  A------------------------------------------------------------------------deew----R-------p       |         |         |         |         
 0|47|vfnmadd213pd ymm4, ymm2, ymmword ptr [rdi]        :          |         |         |         |         |         |         |         |         |         |         |         |         |         |         
 0|47|    TYPE_LOAD (1 uops)                            :          |  s---deeeeeew---------------------------------------------------------------------R-------p       |         |         |         |         
 0|47|    TYPE_OP (1 uops)                              :          |  A---------------------------------------------------------------------------deeew----R-------p   |         |         |         |         
 0|48|vmovsd qword ptr [rsp-0x8], xmm5                  :          |         |         |         |         |         |         |         |         |         |         |         |         |         |         
 0|48|    TYPE_STOREDATA (1 uops)                       :          |  A------------------------------------------------------------------------dw----------R-------p   |         |         |         |         
 0|48|    TYPE_STOREADDRESS (1 uops)                    :          |  s---deeeew---------------------------------------------------------------------------R-------p   |         |         |         |         
 0|49|vbroadcastsd ymm5, xmm5                           :          |         |         |         |         |         |         |         |         |         |         |         |         |         |         
 0|49|    TYPE_OP (1 uops)                              :          |  A------------------------------------------------------------------------cdeew-------R-------p   |         |         |         |         
 0|50|vmovapd ymmword ptr [rdi], ymm4                   :          |         |         |         |         |         |         |         |         |         |         |         |         |         |         
 0|50|    TYPE_STOREDATA (1 uops)                       :          |   A------------------------------------------------------------------------------dw----R-------p  |         |         |         |         
 0|50|    TYPE_STOREADDRESS (1 uops)                    :          |   s---deeeew---------------------------------------------------------------------------R-------p  |         |         |         |         
 0|51|vmovapd ymm7, ymmword ptr [rsi]                   :          |         |         |         |         |         |         |         |         |         |         |         |         |         |         
 0|51|    TYPE_LOAD (1 uops)                            :          |   s---deeeeeew-------------------------------------------------------------------------R-------p  |         |         |         |         
 0|52|vfnmadd132pd ymm2, ymm7, ymmword ptr [rsi+0x20]   :          |         |         |         |         |         |         |         |         |         |         |         |         |         |         
 0|52|    TYPE_LOAD (1 uops)                            :          |   s---deeeeeew-------------------------------------------------------------------------R-------p  |         |         |         |         
 0|52|    TYPE_OP (1 uops)                              :          |   A--------------------------------------------------------------------------cdeeew----R-------p  |         |         |         |         
 0|53|vmovapd ymmword ptr [rsi], ymm2                   :          |         |         |         |         |         |         |         |         |         |         |         |         |         |         
 0|53|    TYPE_STOREDATA (1 uops)                       :          |   A-------------------------------------------------------------------------------dw----R-------p |         |         |         |         
 0|53|    TYPE_STOREADDRESS (1 uops)                    :          |    s---deeeew---------------------------------------------------------------------------R-------p |         |         |         |         
 0|54|vmovapd ymm7, ymmword ptr [rdi]                   :          |         |         |         |         |         |         |         |         |         |         |         |         |         |         
 0|54|    TYPE_LOAD (1 uops)                            :          |    s---deeeeeew-------------------------------------------------------------------------R-------p |         |         |         |         
 0|55|vsubpd ymm2, ymm7, ymm2                           :          |         |         |         |         |         |         |         |         |         |         |         |         |         |         
 0|55|    TYPE_OP (1 uops)                              :          |    A------------------------------------------------------------------------------deeew----R-------p        |         |         |         
 0|56|vmovapd ymm7, ymmword ptr [rdi+0x20]              :          |         |         |         |         |         |         |         |         |         |         |         |         |         |         
 0|56|    TYPE_LOAD (1 uops)                            :          |    s---deeeeeew----------------------------------------------------------------------------R-------p        |         |         |         
 0|57|vmulpd ymm0, ymm2, ymm2                           :          |         |         |         |         |         |         |         |         |         |         |         |         |         |         
 0|57|    TYPE_OP (1 uops)                              :          |    A----------------------------------------------------------------------------------deeew----R-------p    |         |         |         
 0|58|vmulpd ymm3, ymm3, ymm2                           :          |         |         |         |         |         |         |         |         |         |         |         |         |         |         
 0|58|    TYPE_OP (1 uops)                              :          |     A---------------------------------------------------------------------------------deeew----R-------p    |         |         |         
 0|59|vhaddpd ymm0, ymm0, ymm0                          :          |         |         |         |         |         |         |         |         |         |         |         |         |         |         
 0|59|    TYPE_OP (3 uops)                              :          |     A-------------------------------------------------------------------------------------deeeeew----R-------p        |         |         
 0|60|vextractf128 xmm1, ymm0, 0x1                      :          |         |         |         |         |         |         |         |         |         |         |         |         |         |         
 0|60|    TYPE_OP (1 uops)                              :          |      A------------------------------------------------------------------------------------------deew----R-------p     |         |         
 0|61|vaddsd xmm0, xmm0, xmm1                           :          |         |         |         |         |         |         |         |         |         |         |         |         |         |         
 0|61|    TYPE_OP (1 uops)                              :          |      A---------------------------------------------------------------------------------------------deeew----R-------p |         |         
 0|62|vmovapd xmm1, xmm3                                :          |         |         |         |         |         |         |         |         |         |         |         |         |         |         
 0|62|    TYPE_OP (0 uops)                              :          |      A------------------------------------------------------------------------------------w-----------------R-------p |         |         
 0|63|vextractf128 xmm3, ymm3, 0x1                      :          |         |         |         |         |         |         |         |         |         |         |         |         |         |         
 0|63|    TYPE_OP (1 uops)                              :          |      A------------------------------------------------------------------------------------deew--------------R-------p |         |         
 0|64|vaddpd xmm3, xmm1, xmm3                           :          |         |         |         |         |         |         |         |         |         |         |         |         |         |         
 0|64|    TYPE_OP (1 uops)                              :          |       A--------------------------------------------------------------------------------------deeew----------R-------p |         |         
 0|65|vbroadcastsd ymm0, xmm0                           :          |         |         |         |         |         |         |         |         |         |         |         |         |         |         
 0|65|    TYPE_OP (1 uops)                              :          |       A------------------------------------------------------------------------------------------------deew----R-------p        |         
 0|66|vunpckhpd xmm1, xmm3, xmm3                        :          |         |         |         |         |         |         |         |         |         |         |         |         |         |         
 0|66|    TYPE_OP (1 uops)                              :          |       A------------------------------------------------------------------------------------------dw------------R-------p        |         
 0|67|vaddsd xmm3, xmm3, xmm1                           :          |         |         |         |         |         |         |         |         |         |         |         |         |         |         
 0|67|    TYPE_OP (1 uops)                              :          |       A-------------------------------------------------------------------------------------------deeew--------R-------p        |         
 0|68|vbroadcastsd ymm3, xmm3                           :          |         |         |         |         |         |         |         |         |         |         |         |         |         |         
 0|68|    TYPE_OP (1 uops)                              :          |        A----------------------------------------------------------------------------------------------deew-----R-------p        |         
 0|69|vmulpd ymm3, ymm3, ymm2                           :          |         |         |         |         |         |         |         |         |         |         |         |         |         |         
 0|69|    TYPE_OP (1 uops)                              :          |        A-------------------------------------------------------------------------------------------------deeew----R-------p     |         
 0|70|vdivpd ymm0, ymm3, ymm0                           :          |         |         |         |         |         |         |         |         |         |         |         |         |         |         
 0|70|    TYPE_OP (1 uops)                              :          |        A-----------------------------------------------------------------------------------------------------deeeeeeeeeeeeew----R-------p 
 0|71|vsubpd ymm1, ymm7, ymm0                           :          |         |         |         |         |         |         |         |         |         |         |         |         |         |         
 0|71|    TYPE_OP (1 uops)                              :          |        A-------------------------------------------------------------------------------------------------------------------deeew----R-----
 0|72|vmovapd ymmword ptr [rdi+0x20], ymm1              :          |         |         |         |         |         |         |         |         |         |         |         |         |         |         
 0|72|    TYPE_STOREDATA (1 uops)                       :          |         A----------------------------------------------------------------------------------------------------------------------dw----R----
 0|72|    TYPE_STOREADDRESS (1 uops)                    :          |         s---deeeew-------------------------------------------------------------------------------------------------------------------R----
 0|73|vaddpd ymm0, ymm0, ymmword ptr [rsi+0x20]         :          |         |         |         |         |         |         |         |         |         |         |         |         |         |         
 0|73|    TYPE_LOAD (1 uops)                            :          |         s---deeeeeew-----------------------------------------------------------------------------------------------------------------R----
 0|73|    TYPE_OP (1 uops)                              :          |         A------------------------------------------------------------------------------------------------------------------deeew-----R----
 0|74|vmovapd ymmword ptr [rsi+0x20], ymm0              :          |         |         |         |         |         |         |         |         |         |         |         |         |         |         
 0|74|    TYPE_STOREDATA (1 uops)                       :          |         A----------------------------------------------------------------------------------------------------------------------cdw----R---
 0|74|    TYPE_STOREADDRESS (1 uops)                    :          |         s---cdeeeew-------------------------------------------------------------------------------------------------------------------R---
 0|75|vmovapd ymm0, ymmword ptr [rdi+0x20]              :          |         |         |         |         |         |         |         |         |         |         |         |         |         |         
 0|75|    TYPE_LOAD (1 uops)                            :          |         s---deeeeeew------------------------------------------------------------------------------------------------------------------R---
 0|76|vfmadd213pd ymm0, ymm5, ymmword ptr [rdi]         :          |         |         |         |         |         |         |         |         |         |         |         |         |         |         
 0|76|    TYPE_LOAD (1 uops)                            :          |         |s---deeeeeew-----------------------------------------------------------------------------------------------------------------R---
 0|76|    TYPE_OP (1 uops)                              :          |         |A--------------------------------------------------------------------cdeeew--------------------------------------------------R---
 0|77|vmovapd ymmword ptr [rdi], ymm0                   :          |         |         |         |         |         |         |         |         |         |         |         |         |         |         
 0|77|    TYPE_STOREDATA (1 uops)                       :          |         |A-------------------------------------------------------------------------dw-------------------------------------------------R---
 0|77|    TYPE_STOREADDRESS (1 uops)                    :          |         |s---cdeeeew-------------------------------------------------------------------------------------------------------------------R--
 0|78|vmovapd ymm7, ymmword ptr [rsi]                   :          |         |         |         |         |         |         |         |         |         |         |         |         |         |         
 0|78|    TYPE_LOAD (1 uops)                            :          |         |s---deeeeeew------------------------------------------------------------------------------------------------------------------R--
 0|79|vfmadd132pd ymm5, ymm7, ymmword ptr [rsi+0x20]    :          |         |         |         |         |         |         |         |         |         |         |         |         |         |         
 0|79|    TYPE_LOAD (1 uops)                            :          |         |s---cdeeeeeew-----------------------------------------------------------------------------------------------------------------R--
 0|79|    TYPE_OP (1 uops)                              :          |         |A--------------------------------------------------------------------deeew----------------------------------------------------R--
 0|80|vmovapd ymmword ptr [rsi], ymm5                   :          |         |         |         |         |         |         |         |         |         |         |         |         |         |         
 0|80|    TYPE_STOREDATA (1 uops)                       :          |         | A-----------------------------------------------------------------------ccdw-------------------------------------------------R--
 0|80|    TYPE_STOREADDRESS (1 uops)                    :          |         | s---cdeeeew------------------------------------------------------------------------------------------------------------------R--
 1| 0|vmovapd ymm4, ymmword ptr [rdi]                   :          |         |         |         |         |         |         |         |         |         |         |         |         |         |         
 1| 0|    TYPE_LOAD (1 uops)                            :          |         | s---deeeeeew-----------------------------------------------------------------------------------------------------------------R--
 1| 1|vmovsd xmm6, qword ptr [rip+0x4334]               :          |         |         |         |         |         |         |         |         |         |         |         |         |         |         
 1| 1|    TYPE_LOAD (1 uops)                            :          |         | s---cdeeeew-------------------------------------------------------------------------------------------------------------------R-
 1| 2|vsubpd ymm1, ymm4, ymmword ptr [rsi]              :          |         |         |         |         |         |         |         |         |         |         |         |         |         |         
 1| 2|    TYPE_LOAD (1 uops)                            :          |         | s---cdeeeeeew-----------------------------------------------------------------------------------------------------------------R-
 1| 2|    TYPE_OP (1 uops)                              :          |         | A-----------deeew-------------------------------------------------------------------------------------------------------------R-
 1| 3|xor eax, eax                                      :          |         |         |         |         |         |         |         |         |         |         |         |         |         |         
 1| 3|    TYPE_OP (1 uops)                              :          |         |  w----------------------------------------------------------------------------------------------------------------------------R-
 1| 4|vmulpd ymm0, ymm1, ymm1                           :          |         |         |         |         |         |         |         |         |         |         |         |         |         |         
 1| 4|    TYPE_OP (1 uops)                              :          |         |  A--------------deeew---------------------------------------------------------------------------------------------------------R-
 1| 5|vhaddpd ymm0, ymm0, ymm0                          :          |         |         |         |         |         |         |         |         |         |         |         |         |         |         
 1| 5|    TYPE_OP (3 uops)                              :          |         |  A------------------cdeeeeew---------------------------------------------------------------------------------------------------R
 1| 6|vextractf128 xmm2, ymm0, 0x1                      :          |         |         |         |         |         |         |         |         |         |         |         |         |         |         
 1| 6|    TYPE_OP (1 uops)                              :          |         |   A------------------------deew------------------------------------------------------------------------------------------------R
 1| 7|vaddsd xmm0, xmm0, xmm2                           :          |         |         |         |         |         |         |         |         |         |         |         |         |         |         
 1| 7|    TYPE_OP (1 uops)                              :          |         |   A---------------------------deeew--------------------------------------------------------------------------------------------R
 1| 8|vcomisd xmm0, xmm6                                :          |         |         |         |         |         |         |         |         |         |         |         |         |         |         
 1| 8|    TYPE_OP (1 uops)                              :          |         |   A-------------------------------dew------------------------------------------------------------------------------------------R
 1| 9|jb 0x10                                           :          |         |         |         |         |         |         |         |         |         |         |         |         |         |         
 1| 9|    TYPE_OP (1 uops)                              :          |         |    sdw--------------------------------------------------------------------------------------------------------------------------
 1|10|vzeroupper                                        :          |         |         |         |         |         |         |         |         |         |         |         |         |         |         
 1|10|    TYPE_OP (4 uops)                              :          |         |    scccdew----------------------------------------------------------------------------------------------------------------------
 1|11|ret                                               :          |         |         |         |         |         |         |         |         |         |         |         |         |         |         
 1|11|    TYPE_LOAD (1 uops)                            :          |         |     s---deeeew------------------------------------------------------------------------------------------------------------------
 1|12|nop word ptr [rax+rax*1], ax                      :          |         |         |         |         |         |         |         |         |         |         |         |         |         |         
 1|13|vmovapd ymm4, ymmword ptr [rdi+0x20]              :          |         |         |         |         |         |         |         |         |         |         |         |         |         |         
 1|13|    TYPE_LOAD (1 uops)                            :          |         |      s---deeeeeew---------------------------------------------------------------------------------------------------------------
 1|14|vsubsd xmm0, xmm0, xmm6                           :          |         |         |         |         |         |         |         |         |         |         |         |         |         |         
 1|14|    TYPE_OP (1 uops)                              :          |         |      A----------------------------deeew-----------------------------------------------------------------------------------------
 1|15|vsubpd ymm3, ymm4, ymmword ptr [rsi+0x20]         :          |         |         |         |         |         |         |         |         |         |         |         |         |         |         
 1|15|    TYPE_LOAD (1 uops)                            :          |         |      s---deeeeeew---------------------------------------------------------------------------------------------------------------
 1|15|    TYPE_OP (1 uops)                              :          |         |      A----------deeew-----------------------------------------------------------------------------------------------------------
 1|16|vxorpd xmm6, xmm6, xmm6                           :          |         |         |         |         |         |         |         |         |         |         |         |         |         |         
 1|16|    TYPE_OP (1 uops)                              :          |         |      _w-------------------------------------------------------------------------------------------------------------------------
 1|17|vmulpd ymm2, ymm3, ymm3                           :          |         |         |         |         |         |         |         |         |         |         |         |         |         |         
 1|17|    TYPE_OP (1 uops)                              :          |         |       A-------------deeew-------------------------------------------------------------------------------------------------------
 1|18|vmulpd ymm1, ymm1, ymm3                           :          |         |         |         |         |         |         |         |         |         |         |         |         |         |         
 1|18|    TYPE_OP (1 uops)                              :          |         |       _A------------ccdeeew-----------------------------------------------------------------------------------------------------
 1|19|vhaddpd ymm2, ymm2, ymm2                          :          |         |         |         |         |         |         |         |         |         |         |         |         |         |         
 1|19|    TYPE_OP (3 uops)                              :          |         |        A----------------deeeeew-------------------------------------------------------------------------------------------------
 1|20|vmovapd xmm7, xmm1                                :          |         |         |         |         |         |         |         |         |         |         |         |         |         |         
 1|20|    TYPE_OP (0 uops)                              :          |         |         A-----------------w-----------------------------------------------------------------------------------------------------
 1|21|vextractf128 xmm1, ymm1, 0x1                      :          |         |         |         |         |         |         |         |         |         |         |         |         |         |         
 1|21|    TYPE_OP (1 uops)                              :          |         |         A-----------------deew--------------------------------------------------------------------------------------------------
 1|22|vextractf128 xmm5, ymm2, 0x1                      :          |         |         |         |         |         |         |         |         |         |         |         |         |         |         
 1|22|    TYPE_OP (1 uops)                              :          |         |         A---------------------deew----------------------------------------------------------------------------------------------
 1|23|vaddsd xmm2, xmm2, xmm5                           :          |         |         |         |         |         |         |         |         |         |         |         |         |         |         
 1|23|    TYPE_OP (1 uops)                              :          |         |         A------------------------deeew------------------------------------------------------------------------------------------
 1|24|vaddpd xmm1, xmm1, xmm7                           :          |         |         |         |         |         |         |         |         |         |         |         |         |         |         
 1|24|    TYPE_OP (1 uops)                              :          |         |         |_A------------------deeew----------------------------------------------------------------------------------------------
 1|25|vmovsd xmm5, xmm2, xmm2                           :          |         |         |         |         |         |         |         |         |         |         |         |         |         |         
 1|25|    TYPE_OP (1 uops)                              :          |         |         | _A-------------------------dw-----------------------------------------------------------------------------------------
 1|26|vunpckhpd xmm7, xmm1, xmm1                        :          |         |         |         |         |         |         |         |         |         |         |         |         |         |         
 1|26|    TYPE_OP (1 uops)                              :          |         |         |  _A--------------------dw---------------------------------------------------------------------------------------------
 1|27|vunpcklpd xmm2, xmm2, xmm6                        :          |         |         |         |         |         |         |         |         |         |         |         |         |         |         
 1|27|    TYPE_OP (1 uops)                              :          |         |         |   A------------------------cdw----------------------------------------------------------------------------------------
 1|28|vaddsd xmm1, xmm1, xmm7                           :          |         |         |         |         |         |         |         |         |         |         |         |         |         |         
 1|28|    TYPE_OP (1 uops)                              :          |         |         |   _A--------------------cdeeew----------------------------------------------------------------------------------------
 1|29|vandpd xmm2, xmm2, xmmword ptr [rip+0x42e2]       :          |         |         |         |         |         |         |         |         |         |         |         |         |         |         
 1|29|    TYPE_LOAD (1 uops)                            :          |         |         |    s---deeeeew--------------------------------------------------------------------------------------------------------
 1|29|    TYPE_OP (1 uops)                              :          |         |         |    A-------------------------dw---------------------------------------------------------------------------------------
 1|30|vmovsd xmm7, qword ptr [rip+0x42ba]               :          |         |         |         |         |         |         |         |         |         |         |         |         |         |         
 1|30|    TYPE_LOAD (1 uops)                            :          |         |         |    s---deeeew---------------------------------------------------------------------------------------------------------
 1|31|vcomisd xmm7, xmm2                                :          |         |         |         |         |         |         |         |         |         |         |         |         |         |         
 1|31|    TYPE_OP (1 uops)                              :          |         |         |     A-------------------------dew-------------------------------------------------------------------------------------
 1|32|jnbe 0xffffffffffffff98                           :          |         |         |         |         |         |         |         |         |         |         |         |         |         |         
 1|32|    TYPE_OP (1 uops)                              :          |         |         |     ___sdw------------------------------------------------------------------------------------------------------------
 1|33|vmulsd xmm0, xmm0, xmm5                           :          |         |         |         |         |         |         |         |         |         |         |         |         |         |         
 1|33|    TYPE_OP (1 uops)                              :          |         |         |        A--------------------deeew-------------------------------------------------------------------------------------
 1|34|push rbp                                          :          |         |         |         |         |         |         |         |         |         |         |         |         |         |         
 1|34|    TYPE_STOREDATA (1 uops)                       :          |         |         |        sdw------------------------------------------------------------------------------------------------------------
 1|34|    TYPE_STOREADDRESS (1 uops)                    :          |         |         |        s---deeeew-----------------------------------------------------------------------------------------------------
 1|35|vmovsd xmm2, xmm1, xmm1                           :          |         |         |         |         |         |         |         |         |         |         |         |         |         |         
 1|35|    TYPE_OP (1 uops)                              :          |         |         |        _A--------------------cdw--------------------------------------------------------------------------------------
 1|36|vfmsub231sd xmm0, xmm1, xmm1                      :          |         |         |         |         |         |         |         |         |         |         |         |         |         |         
 1|36|    TYPE_OP (1 uops)                              :          |         |         |         A-----------------------deeew---------------------------------------------------------------------------------
 1|37|mov rbp, rsp                                      :          |         |         |         |         |         |         |         |         |         |         |         |         |         |         
 1|37|    TYPE_OP (0 uops)                              :          |         |         |         _w------------------------------------------------------------------------------------------------------------
 1|38|and rsp, 0xffffffffffffffe0                       :          |         |         |         |         |         |         |         |         |         |         |         |         |         |         
 1|38|    TYPE_OP (1 uops)                              :          |         |         |         |sdw----------------------------------------------------------------------------------------------------------
 1|39|vxorpd xmm7, xmm1, xmmword ptr [rip+0x42c7]       :          |         |         |         |         |         |         |         |         |         |         |         |         |         |         
 1|39|    TYPE_LOAD (1 uops)                            :          |         |         |         |s---deeeeew--------------------------------------------------------------------------------------------------
 1|39|    TYPE_OP (1 uops)                              :          |         |         |         |A--------------------dw--------------------------------------------------------------------------------------
 1|40|vmovq xmm0, xmm0                                  :          |         |         |         |         |         |         |         |         |         |         |         |         |         |         
 1|40|    TYPE_OP (1 uops)                              :          |         |         |         |A--------------------------dw--------------------------------------------------------------------------------
 1|41|vcmpsd xmm1, xmm6, xmm1, 0x1                      :          |         |         |         |         |         |         |         |         |         |         |         |         |         |         
 1|41|    TYPE_OP (1 uops)                              :          |         |         |         | A------------------deeew------------------------------------------------------------------------------------
 1|42|vsqrtsd xmm0, xmm0, xmm0                          :          |         |         |         |         |         |         |         |         |         |         |         |         |         |         
 1|42|    TYPE_OP (1 uops)                              :          |         |         |         | A---------------------------deeeeeeeeeeeeeeeeew-------------------------------------------------------------
 1|43|vblendvpd xmm1, xmm2, xmm7, xmm1                  :          |         |         |         |         |         |         |         |         |         |         |         |         |         |         
 1|43|    TYPE_OP (2 uops)                              :          |         |         |         |  A---------------------dew----------------------------------------------------------------------------------
 1|44|vaddsd xmm0, xmm1, xmm0                           :          |         |         |         |         |         |         |         |         |         |         |         |         |         |         
 1|44|    TYPE_OP (1 uops)                              :          |         |         |         |  A--------------------------------------------deeew---------------------------------------------------------
 1|45|vdivsd xmm5, xmm0, xmm5                           :          |         |         |         |         |         |         |         |         |         |         |         |         |         |         
 1|45|    TYPE_OP (1 uops)                              :          |         |         |         |  A------------------------------------------------deeeeeeeeeeeeew-------------------------------------------
 1|46|vbroadcastsd ymm2, xmm5                           :          |         |         |         |         |         |         |         |         |         |         |         |         |         |         
 1|46|    TYPE_OP (1 uops)                              :          |         |         |         |   A-------------------------------------------------------------deew----------------------------------------
 1|47|vfnmadd213pd ymm4, ymm2, ymmword ptr [rdi]        :          |         |         |         |         |         |         |         |         |         |         |         |         |         |         
 1|47|    TYPE_LOAD (1 uops)                            :          |         |         |         |   s---deeeeeew----------------------------------------------------------------------------------------------
 1|47|    TYPE_OP (1 uops)                              :          |         |         |         |   A----------------------------------------------------------------deeew------------------------------------
 1|48|vmovsd qword ptr [rsp-0x8], xmm5                  :          |         |         |         |         |         |         |         |         |         |         |         |         |         |         
 1|48|    TYPE_STOREDATA (1 uops)                       :          |         |         |         |    A------------------------------------------------------------dw------------------------------------------
 1|48|    TYPE_STOREADDRESS (1 uops)                    :          |         |         |         |    s---deeeew-----------------------------------------------------------------------------------------------
 1|49|vbroadcastsd ymm5, xmm5                           :          |         |         |         |         |         |         |         |         |         |         |         |         |         |         
 1|49|    TYPE_OP (1 uops)                              :          |         |         |         |    __A----------------------------------------------------------cdeew---------------------------------------
 1|50|vmovapd ymmword ptr [rdi], ymm4                   :          |         |         |         |         |         |         |         |         |         |         |         |         |         |         
 1|50|    TYPE_STOREDATA (1 uops)                       :          |         |         |         |      A-----------------------------------------------------------------dw-----------------------------------
 1|50|    TYPE_STOREADDRESS (1 uops)                    :          |         |         |         |      s---deeeew---------------------------------------------------------------------------------------------
 1|51|vmovapd ymm7, ymmword ptr [rsi]                   :          |         |         |         |         |         |         |         |         |         |         |         |         |         |         
 1|51|    TYPE_LOAD (1 uops)                            :          |         |         |         |      s---deeeeeew-------------------------------------------------------------------------------------------
 1|52|vfnmadd132pd ymm2, ymm7, ymmword ptr [rsi+0x20]   :          |         |         |         |         |         |         |         |         |         |         |         |         |         |         
 1|52|    TYPE_LOAD (1 uops)                            :          |         |         |         |      s---deeeeeew-------------------------------------------------------------------------------------------
 1|52|    TYPE_OP (1 uops)                              :          |         |         |         |      A-------------------------------------------------------------deeew------------------------------------
 1|53|vmovapd ymmword ptr [rsi], ymm2                   :          |         |         |         |         |         |         |         |         |         |         |         |         |         |         
 1|53|    TYPE_STOREDATA (1 uops)                       :          |         |         |         |        A---------------------------------------------------------------cdw----------------------------------
 1|53|    TYPE_STOREADDRESS (1 uops)                    :          |         |         |         |        s---deeeew-------------------------------------------------------------------------------------------
 1|54|vmovapd ymm7, ymmword ptr [rdi]                   :          |         |         |         |         |         |         |         |         |         |         |         |         |         |         
 1|54|    TYPE_LOAD (1 uops)                            :          |         |         |         |        s---deeeeeew-----------------------------------------------------------------------------------------
 1|55|vsubpd ymm2, ymm7, ymm2                           :          |         |         |         |         |         |         |         |         |         |         |         |         |         |         
 1|55|    TYPE_OP (1 uops)                              :          |         |         |         |        A---------------------------------------------------------------deeew--------------------------------
 1|56|vmovapd ymm7, ymmword ptr [rdi+0x20]              :          |         |         |         |         |         |         |         |         |         |         |         |         |         |         
 1|56|    TYPE_LOAD (1 uops)                            :          |         |         |         |        s---deeeeeew-----------------------------------------------------------------------------------------
 1|57|vmulpd ymm0, ymm2, ymm2                           :          |         |         |         |         |         |         |         |         |         |         |         |         |         |         
 1|57|    TYPE_OP (1 uops)                              :          |         |         |         |         A------------------------------------------------------------------deeew----------------------------
 1|58|vmulpd ymm3, ymm3, ymm2                           :          |         |         |         |         |         |         |         |         |         |         |         |         |         |         
 1|58|    TYPE_OP (1 uops)                              :          |         |         |         |         _A-----------------------------------------------------------------cdeeew---------------------------
 1|59|vhaddpd ymm0, ymm0, ymm0                          :          |         |         |         |         |         |         |         |         |         |         |         |         |         |         
 1|59|    TYPE_OP (3 uops)                              :          |         |         |         |         |_A--------------------------------------------------------------------cdeeeeew---------------------
 1|60|vextractf128 xmm1, ymm0, 0x1                      :          |         |         |         |         |         |         |         |         |         |         |         |         |         |         
 1|60|    TYPE_OP (1 uops)                              :          |         |         |         |         | _A--------------------------------------------------------------------------deew------------------
 1|61|vaddsd xmm0, xmm0, xmm1                           :          |         |         |         |         |         |         |         |         |         |         |         |         |         |         
 1|61|    TYPE_OP (1 uops)                              :          |         |         |         |         |  A-----------------------------------------------------------------------------deeew--------------
 1|62|vmovapd xmm1, xmm3                                :          |         |         |         |         |         |         |         |         |         |         |         |         |         |         
 1|62|    TYPE_OP (0 uops)                              :          |         |         |         |         |  ___A-----------------------------------------------------------------w---------------------------
 1|63|vextractf128 xmm3, ymm3, 0x1                      :          |         |         |         |         |         |         |         |         |         |         |         |         |         |         
 1|63|    TYPE_OP (1 uops)                              :          |         |         |         |         |     A-----------------------------------------------------------------deew------------------------
 1|64|vaddpd xmm3, xmm1, xmm3                           :          |         |         |         |         |         |         |         |         |         |         |         |         |         |         
 1|64|    TYPE_OP (1 uops)                              :          |         |         |         |         |     A--------------------------------------------------------------------deeew--------------------
 1|65|vbroadcastsd ymm0, xmm0                           :          |         |         |         |         |         |         |         |         |         |         |         |         |         |         
 1|65|    TYPE_OP (1 uops)                              :          |         |         |         |         |     _A-----------------------------------------------------------------------------deew-----------
 1|66|vunpckhpd xmm1, xmm3, xmm3                        :          |         |         |         |         |         |         |         |         |         |         |         |         |         |         
 1|66|    TYPE_OP (1 uops)                              :          |         |         |         |         |      A-----------------------------------------------------------------------dw-------------------
 1|67|vaddsd xmm3, xmm3, xmm1                           :          |         |         |         |         |         |         |         |         |         |         |         |         |         |         
 1|67|    TYPE_OP (1 uops)                              :          |         |         |         |         |      _A-----------------------------------------------------------------------deeew---------------
 1|68|vbroadcastsd ymm3, xmm3                           :          |         |         |         |         |         |         |         |         |         |         |         |         |         |         
 1|68|    TYPE_OP (1 uops)                              :          |         |         |         |         |       __A-------------------------------------------------------------------------deew------------
 1|69|vmulpd ymm3, ymm3, ymm2                           :          |         |         |         |         |         |         |         |         |         |         |         |         |         |         
 1|69|    TYPE_OP (1 uops)                              :          |         |         |         |         |         _A---------------------------------------------------------------------------deeew--------
 1|70|vdivpd ymm0, ymm3, ymm0                           :          |         |         |         |         |         |         |         |         |         |         |         |         |         |         
 1|70|    TYPE_OP (1 uops)                              :          |         |         |         |         |         |A-------------------------------------------------------------------------------deeeeeeee
 1|71|vsubpd ymm1, ymm7, ymm0                           :          |         |         |         |         |         |         |         |         |         |         |         |         |         |         
 1|71|    TYPE_OP (1 uops)                              :          |         |         |         |         |         |_A---------------------------------------------------------------------------------------
 1|72|vmovapd ymmword ptr [rdi+0x20], ymm1              :          |         |         |         |         |         |         |         |         |         |         |         |         |         |         
 1|72|    TYPE_STOREDATA (1 uops)                       :          |         |         |         |         |         | A---------------------------------------------------------------------------------------
 1|72|    TYPE_STOREADDRESS (1 uops)                    :          |         |         |         |         |         | s---deeeew------------------------------------------------------------------------------
 1|73|vaddpd ymm0, ymm0, ymmword ptr [rsi+0x20]         :          |         |         |         |         |         |         |         |         |         |         |         |         |         |         
 1|73|    TYPE_LOAD (1 uops)                            :          |         |         |         |         |         | s---deeeeeew----------------------------------------------------------------------------
 1|73|    TYPE_OP (1 uops)                              :          |         |         |         |         |         | _A--------------------------------------------------------------------------------------
 1|74|vmovapd ymmword ptr [rsi+0x20], ymm0              :          |         |         |         |         |         |         |         |         |         |         |         |         |         |         
 1|74|    TYPE_STOREDATA (1 uops)                       :          |         |         |         |         |         |  A--------------------------------------------------------------------------------------
 1|74|    TYPE_STOREADDRESS (1 uops)                    :          |         |         |         |         |         |  s---deeeew-----------------------------------------------------------------------------
 1|75|vmovapd ymm0, ymmword ptr [rdi+0x20]              :          |         |         |         |         |         |         |         |         |         |         |         |         |         |         
 1|75|    TYPE_LOAD (1 uops)                            :          |         |         |         |         |         |  s---deeeeeew---------------------------------------------------------------------------
 1|76|vfmadd213pd ymm0, ymm5, ymmword ptr [rdi]         :          |         |         |         |         |         |         |         |         |         |         |         |         |         |         
 1|76|    TYPE_LOAD (1 uops)                            :          |         |         |         |         |         |  s---deeeeeew---------------------------------------------------------------------------
 1|76|    TYPE_OP (1 uops)                              :          |         |         |         |         |         |  A----------------------------------------------ccdeeew---------------------------------
 1|77|vmovapd ymmword ptr [rdi], ymm0                   :          |         |         |         |         |         |         |         |         |         |         |         |         |         |         
 1|77|    TYPE_STOREDATA (1 uops)                       :          |         |         |         |         |         |    A--------------------------------------------------dw--------------------------------
 1|77|    TYPE_STOREADDRESS (1 uops)                    :          |         |         |         |         |         |    s---deeeew---------------------------------------------------------------------------
 1|78|vmovapd ymm7, ymmword ptr [rsi]                   :          |         |         |         |         |         |         |         |         |         |         |         |         |         |         
 1|78|    TYPE_LOAD (1 uops)                            :          |         |         |         |         |         |    s---deeeeeew-------------------------------------------------------------------------
 1|79|vfmadd132pd ymm5, ymm7, ymmword ptr [rsi+0x20]    :          |         |         |         |         |         |         |         |         |         |         |         |         |         |         
 1|79|    TYPE_LOAD (1 uops)                            :          |         |         |         |         |         |     s---deeeeeew------------------------------------------------------------------------
 1|79|    TYPE_OP (1 uops)                              :          |         |         |         |         |         |     A-------------------------------------------deeew-----------------------------------
 1|80|vmovapd ymmword ptr [rsi], ymm5                   :          |         |         |         |         |         |         |         |         |         |         |         |         |         |         
 1|80|    TYPE_STOREDATA (1 uops)                       :          |         |         |         |         |         |     A-----------------------------------------------cdw---------------------------------
 1|80|    TYPE_STOREADDRESS (1 uops)                    :          |         |         |         |         |         |     s---deeeew--------------------------------------------------------------------------
 2| 0|vmovapd ymm4, ymmword ptr [rdi]                   :          |         |         |         |         |         |         |         |         |         |         |         |         |         |         
 2| 0|    TYPE_LOAD (1 uops)                            :          |         |         |         |         |         |     s---deeeeeew------------------------------------------------------------------------
 2| 1|vmovsd xmm6, qword ptr [rip+0x4334]               :          |         |         |         |         |         |         |         |         |         |         |         |         |         |         
 2| 1|    TYPE_LOAD (1 uops)                            :          |         |         |         |         |         |        s---deeeew-----------------------------------------------------------------------
 2| 2|vsubpd ymm1, ymm4, ymmword ptr [rsi]              :          |         |         |         |         |         |         |         |         |         |         |         |         |         |         
 2| 2|    TYPE_LOAD (1 uops)                            :          |         |         |         |         |         |        s---deeeeeew---------------------------------------------------------------------
 2| 2|    TYPE_OP (1 uops)                              :          |         |         |         |         |         |        A----------deeew-----------------------------------------------------------------
 2| 3|xor eax, eax                                      :          |         |         |         |         |         |         |         |         |         |         |         |         |         |         
 2| 3|    TYPE_OP (1 uops)                              :          |         |         |         |         |         |        w--------------------------------------------------------------------------------
 2| 4|vmulpd ymm0, ymm1, ymm1                           :          |         |         |         |         |         |         |         |         |         |         |         |         |         |         
 2| 4|    TYPE_OP (1 uops)                              :          |         |         |         |         |         |        _A-------------deeew-------------------------------------------------------------
 2| 5|vhaddpd ymm0, ymm0, ymm0                          :          |         |         |         |         |         |         |         |         |         |         |         |         |         |         
 2| 5|    TYPE_OP (3 uops)                              :          |         |         |         |         |         |         _A----------------deeeeew-------------------------------------------------------
 2| 6|vextractf128 xmm2, ymm0, 0x1                      :          |         |         |         |         |         |         |         |         |         |         |         |         |         |         
 2| 6|    TYPE_OP (1 uops)                              :          |         |         |         |         |         |         |__A--------------------deew----------------------------------------------------
 2| 7|vaddsd xmm0, xmm0, xmm2                           :          |         |         |         |         |         |         |         |         |         |         |         |         |         |         
 2| 7|    TYPE_OP (1 uops)                              :          |         |         |         |         |         |         |  ________A---------------deeew------------------------------------------------
 2| 8|vcomisd xmm0, xmm6                                :          |         |         |         |         |         |         |         |         |         |         |         |         |         |         
 2| 8|    TYPE_OP (1 uops)                              :          |         |         |         |         |         |         |         |____A---------------dew----------------------------------------------
 2| 9|jb 0x10                                           :          |         |         |         |         |         |         |         |         |         |         |         |         |         |         
 2| 9|    TYPE_OP (1 uops)                              :          |         |         |         |         |         |         |         |    __sdw------------------------------------------------------------
 2|10|vzeroupper                                        :          |         |         |         |         |         |         |         |         |         |         |         |         |         |         
 2|10|    TYPE_OP (4 uops)                              :          |         |         |         |         |         |         |         |      scccdw---------------------------------------------------------
 2|11|ret                                               :          |         |         |         |         |         |         |         |         |         |         |         |         |         |         
 2|11|    TYPE_LOAD (1 uops)                            :          |         |         |         |         |         |         |         |       s---deeeew----------------------------------------------------
 2|12|nop word ptr [rax+rax*1], ax                      :          |         |         |         |         |         |         |         |         |         |         |         |         |         |         
 2|13|vmovapd ymm4, ymmword ptr [rdi+0x20]              :          |         |         |         |         |         |         |         |         |         |         |         |         |         |         
 2|13|    TYPE_LOAD (1 uops)                            :          |         |         |         |         |         |         |         |        s---deeeeeew-------------------------------------------------
 2|14|vsubsd xmm0, xmm0, xmm6                           :          |         |         |         |         |         |         |         |         |         |         |         |         |         |         
 2|14|    TYPE_OP (1 uops)                              :          |         |         |         |         |         |         |         |        A-----------deeew--------------------------------------------
 2|15|vsubpd ymm3, ymm4, ymmword ptr [rsi+0x20]         :          |         |         |         |         |         |         |         |         |         |         |         |         |         |         
 2|15|    TYPE_LOAD (1 uops)                            :          |         |         |         |         |         |         |         |        s---deeeeeew-------------------------------------------------
 2|15|    TYPE_OP (1 uops)                              :          |         |         |         |         |         |         |         |        A----------deeew---------------------------------------------
 2|16|vxorpd xmm6, xmm6, xmm6                           :          |         |         |         |         |         |         |         |         |         |         |         |         |         |         
 2|16|    TYPE_OP (1 uops)                              :          |         |         |         |         |         |         |         |        _w-----------------------------------------------------------
 2|17|vmulpd ymm2, ymm3, ymm3                           :          |         |         |         |         |         |         |         |         |         |         |         |         |         |         
 2|17|    TYPE_OP (1 uops)                              :          |         |         |         |         |         |         |         |         A-------------deeew-----------------------------------------
 2|18|vmulpd ymm1, ymm1, ymm3                           :          |         |         |         |         |         |         |         |         |         |         |         |         |         |         
 2|18|    TYPE_OP (1 uops)                              :          |         |         |         |         |         |         |         |         _A------------deeew-----------------------------------------
 2|19|vhaddpd ymm2, ymm2, ymm2                          :          |         |         |         |         |         |         |         |         |         |         |         |         |         |         
 2|19|    TYPE_OP (3 uops)                              :          |         |         |         |         |         |         |         |         |A----------------deeeeew-----------------------------------
 2|20|vmovapd xmm7, xmm1                                :          |         |         |         |         |         |         |         |         |         |         |         |         |         |         
 2|20|    TYPE_OP (0 uops)                              :          |         |         |         |         |         |         |         |         | A---------------w-----------------------------------------
 2|21|vextractf128 xmm1, ymm1, 0x1                      :          |         |         |         |         |         |         |         |         |         |         |         |         |         |         
 2|21|    TYPE_OP (1 uops)                              :          |         |         |         |         |         |         |         |         | A---------------ccdeew------------------------------------
 2|22|vextractf128 xmm5, ymm2, 0x1                      :          |         |         |         |         |         |         |         |         |         |         |         |         |         |         
 2|22|    TYPE_OP (1 uops)                              :          |         |         |         |         |         |         |         |         | A---------------------ccdeew------------------------------
 2|23|vaddsd xmm2, xmm2, xmm5                           :          |         |         |         |         |         |         |         |         |         |         |         |         |         |         
 2|23|    TYPE_OP (1 uops)                              :          |         |         |         |         |         |         |         |         | A--------------------------deeew--------------------------
 2|24|vaddpd xmm1, xmm1, xmm7                           :          |         |         |         |         |         |         |         |         |         |         |         |         |         |         
 2|24|    TYPE_OP (1 uops)                              :          |         |         |         |         |         |         |         |         |  A-------------------cdeeew-------------------------------
 2|25|vmovsd xmm5, xmm2, xmm2                           :          |         |         |         |         |         |         |         |         |         |         |         |         |         |         
 2|25|    TYPE_OP (1 uops)                              :          |         |         |         |         |         |         |         |         |  A-----------------------------dw-------------------------
 2|26|vunpckhpd xmm7, xmm1, xmm1                        :          |         |         |         |         |         |         |         |         |         |         |         |         |         |         
 2|26|    TYPE_OP (1 uops)                              :          |         |         |         |         |         |         |         |         |  _A-----------------------dw------------------------------
 2|27|vunpcklpd xmm2, xmm2, xmm6                        :          |         |         |         |         |         |         |         |         |         |         |         |         |         |         
 2|27|    TYPE_OP (1 uops)                              :          |         |         |         |         |         |         |         |         |   _A---------------------------cdw------------------------
 2|28|vaddsd xmm1, xmm1, xmm7                           :          |         |         |         |         |         |         |         |         |         |         |         |         |         |         
 2|28|    TYPE_OP (1 uops)                              :          |         |         |         |         |         |         |         |         |    A-----------------------cdeeew-------------------------
 2|29|vandpd xmm2, xmm2, xmmword ptr [rip+0x42e2]       :          |         |         |         |         |         |         |         |         |         |         |         |         |         |         
 2|29|    TYPE_LOAD (1 uops)                            :          |         |         |         |         |         |         |         |         |    s---deeeeew--------------------------------------------
 2|29|    TYPE_OP (1 uops)                              :          |         |         |         |         |         |         |         |         |    _____A------------------------dw-----------------------
 2|30|vmovsd xmm7, qword ptr [rip+0x42ba]               :          |         |         |         |         |         |         |         |         |         |         |         |         |         |         
 2|30|    TYPE_LOAD (1 uops)                            :          |         |         |         |         |         |         |         |         |         ___s---deeeew-------------------------------------
 2|31|vcomisd xmm7, xmm2                                :          |         |         |         |         |         |         |         |         |         |         |         |         |         |         
 2|31|    TYPE_OP (1 uops)                              :          |         |         |         |         |         |         |         |         |         |  A----------------------dew---------------------
 2|32|jnbe 0xffffffffffffff98                           :          |         |         |         |         |         |         |         |         |         |         |         |         |         |         
 2|32|    TYPE_OP (1 uops)                              :          |         |         |         |         |         |         |         |         |         |  sdw--------------------------------------------
 2|33|vmulsd xmm0, xmm0, xmm5                           :          |         |         |         |         |         |         |         |         |         |         |         |         |         |         
 2|33|    TYPE_OP (1 uops)                              :          |         |         |         |         |         |         |         |         |         |  ____A----------------deeew---------------------
 2|34|push rbp                                          :          |         |         |         |         |         |         |         |         |         |         |         |         |         |         
 2|34|    TYPE_STOREDATA (1 uops)                       :          |         |         |         |         |         |         |         |         |         |      sdw----------------------------------------
 2|34|    TYPE_STOREADDRESS (1 uops)                    :          |         |         |         |         |         |         |         |         |         |      s---deeeew---------------------------------
 2|35|vmovsd xmm2, xmm1, xmm1                           :          |         |         |         |         |         |         |         |         |         |         |         |         |         |         
 2|35|    TYPE_OP (1 uops)                              :          |         |         |         |         |         |         |         |         |         |      A----------------cdw-----------------------
 2|36|vfmsub231sd xmm0, xmm1, xmm1                      :          |         |         |         |         |         |         |         |         |         |         |         |         |         |         
 2|36|    TYPE_OP (1 uops)                              :          |         |         |         |         |         |         |         |         |         |      A--------------------deeew-----------------
 2|37|mov rbp, rsp                                      :          |         |         |         |         |         |         |         |         |         |         |         |         |         |         
 2|37|    TYPE_OP (0 uops)                              :          |         |         |         |         |         |         |         |         |         |       w-----------------------------------------
 2|38|and rsp, 0xffffffffffffffe0                       :          |         |         |         |         |         |         |         |         |         |         |         |         |         |         
 2|38|    TYPE_OP (1 uops)                              :          |         |         |         |         |         |         |         |         |         |       sdw---------------------------------------
 2|39|vxorpd xmm7, xmm1, xmmword ptr [rip+0x42c7]       :          |         |         |         |         |         |         |         |         |         |         |         |         |         |         
 2|39|    TYPE_LOAD (1 uops)                            :          |         |         |         |         |         |         |         |         |         |       s---deeeeew-------------------------------
 2|39|    TYPE_OP (1 uops)                              :          |         |         |         |         |         |         |         |         |         |       A---------------ccdw----------------------
 2|40|vmovq xmm0, xmm0                                  :          |         |         |         |         |         |         |         |         |         |         |         |         |         |         
 2|40|    TYPE_OP (1 uops)                              :          |         |         |         |         |         |         |         |         |         |       A------------------------dw---------------
 2|41|vcmpsd xmm1, xmm6, xmm1, 0x1                      :          |         |         |         |         |         |         |         |         |         |         |         |         |         |         
 2|41|    TYPE_OP (1 uops)                              :          |         |         |         |         |         |         |         |         |         |        A--------------deeew---------------------
 2|42|vsqrtsd xmm0, xmm0, xmm0                          :          |         |         |         |         |         |         |         |         |         |         |         |         |         |         
 2|42|    TYPE_OP (1 uops)                              :          |         |         |         |         |         |         |         |         |         |        A-------------------------cdeeeeeeeeeeeee
 2|43|vblendvpd xmm1, xmm2, xmm7, xmm1                  :          |         |         |         |         |         |         |         |         |         |         |         |         |         |         
 2|43|    TYPE_OP (2 uops)                              :          |         |         |         |         |         |         |         |         |         |         A-----------------ccccdw----------------
 2|44|vaddsd xmm0, xmm1, xmm0                           :          |         |         |         |         |         |         |         |         |         |         |         |         |         |         
 2|44|    TYPE_OP (1 uops)                              :          |         |         |         |         |         |         |         |         |         |         A---------------------------------------
 2|45|vdivsd xmm5, xmm0, xmm5                           :          |         |         |         |         |         |         |         |         |         |         |         |         |         |         
 2|45|    TYPE_OP (1 uops)                              :          |         |         |         |         |         |         |         |         |         |         A---------------------------------------
 2|46|vbroadcastsd ymm2, xmm5                           :          |         |         |         |         |         |         |         |         |         |         |         |         |         |         
 2|46|    TYPE_OP (1 uops)                              :          |         |         |         |         |         |         |         |         |         |         |_A-------------------------------------
 2|47|vfnmadd213pd ymm4, ymm2, ymmword ptr [rdi]        :          |         |         |         |         |         |         |         |         |         |         |         |         |         |         
 2|47|    TYPE_LOAD (1 uops)                            :          |         |         |         |         |         |         |         |         |         |         | s---deeeeeew--------------------------
 2|47|    TYPE_OP (1 uops)                              :          |         |         |         |         |         |         |         |         |         |         | ____A---------------------------------
 2|48|vmovsd qword ptr [rsp-0x8], xmm5                  :          |         |         |         |         |         |         |         |         |         |         |         |         |         |         
 2|48|    TYPE_STOREDATA (1 uops)                       :          |         |         |         |         |         |         |         |         |         |         |     A---------------------------------
 2|48|    TYPE_STOREADDRESS (1 uops)                    :          |         |         |         |         |         |         |         |         |         |         |     ______s---deeeew------------------
 2|49|vbroadcastsd ymm5, xmm5                           :          |         |         |         |         |         |         |         |         |         |         |         |         |         |         
 2|49|    TYPE_OP (1 uops)                              :          |         |         |         |         |         |         |         |         |         |         |         | ___A------------------------
 2|50|vmovapd ymmword ptr [rdi], ymm4                   :          |         |         |         |         |         |         |         |         |         |         |         |         |         |         
 2|50|    TYPE_STOREDATA (1 uops)                       :          |         |         |         |         |         |         |         |         |         |         |         |        A--------------------
 2|50|    TYPE_STOREADDRESS (1 uops)                    :          |         |         |         |         |         |         |         |         |         |         |         |        s---deeeew-----------
 2|51|vmovapd ymm7, ymmword ptr [rsi]                   :          |         |         |         |         |         |         |         |         |         |         |         |         |         |         
 2|51|    TYPE_LOAD (1 uops)                            :          |         |         |         |         |         |         |         |         |         |         |         |        s---deeeeeew---------
 2|52|vfnmadd132pd ymm2, ymm7, ymmword ptr [rsi+0x20]   :          |         |         |         |         |         |         |         |         |         |         |         |         |         |         
 2|52|    TYPE_LOAD (1 uops)                            :          |         |         |         |         |         |         |         |         |         |         |         |         | s---deeeeeew------
 2|52|    TYPE_OP (1 uops)                              :          |         |         |         |         |         |         |         |         |         |         |         |         | A-----------------
 2|53|vmovapd ymmword ptr [rsi], ymm2                   :          |         |         |         |         |         |         |         |         |         |         |         |         |         |         
 2|53|    TYPE_STOREDATA (1 uops)                       :          |         |         |         |         |         |         |         |         |         |         |         |         | A-----------------
 2|53|    TYPE_STOREADDRESS (1 uops)                    :          |         |         |         |         |         |         |         |         |         |         |         |         | s---deeeew--------
 2|54|vmovapd ymm7, ymmword ptr [rdi]                   :          |         |         |         |         |         |         |         |         |         |         |         |         |         |         
 2|54|    TYPE_LOAD (1 uops)                            :          |         |         |         |         |         |         |         |         |         |         |         |         | ___s---deeeeeew---
 2|55|vsubpd ymm2, ymm7, ymm2                           :          |         |         |         |         |         |         |         |         |         |         |         |         |         |         
 2|55|    TYPE_OP (1 uops)                              :          |         |         |         |         |         |         |         |         |         |         |         |         |         |        A
 2|56|vmovapd ymm7, ymmword ptr [rdi+0x20]              :          |         |         |         |         |         |         |         |         |         |         |         |         |         |         
 2|56|    TYPE_LOAD (1 uops)                            :          |         |         |         |         |         |         |         |         |         |         |         |         |         |        _
Loop Count:22
Block throughput: 53.157895
